2020-07-25 23:18:04.384 [JDA MainWS-ReadThread] ERROR net.dv8tion.jda.api.JDA - The EventManager.handle() call had an uncaught exception
java.lang.NullPointerException: null
	at xyz.iconc.dev.Bot.Commands.ConfigCommand.Handle(ConfigCommand.java:43) ~[classes/:?]
	at xyz.iconc.dev.Bot.CommandManager.HandleEvent(CommandManager.java:49) ~[classes/:?]
	at xyz.iconc.dev.Bot.EventManager.handle(EventManager.java:49) ~[classes/:?]
	at net.dv8tion.jda.internal.hooks.EventManagerProxy.handleInternally(EventManagerProxy.java:82) [JDA-4.1.1_146.jar:4.1.1_146]
	at net.dv8tion.jda.internal.hooks.EventManagerProxy.handle(EventManagerProxy.java:69) [JDA-4.1.1_146.jar:4.1.1_146]
	at net.dv8tion.jda.internal.JDAImpl.handleEvent(JDAImpl.java:166) [JDA-4.1.1_146.jar:4.1.1_146]
	at net.dv8tion.jda.internal.handle.MessageCreateHandler.handleInternally(MessageCreateHandler.java:97) [JDA-4.1.1_146.jar:4.1.1_146]
	at net.dv8tion.jda.internal.handle.SocketHandler.handle(SocketHandler.java:36) [JDA-4.1.1_146.jar:4.1.1_146]
	at net.dv8tion.jda.internal.requests.WebSocketClient.onDispatch(WebSocketClient.java:905) [JDA-4.1.1_146.jar:4.1.1_146]
	at net.dv8tion.jda.internal.requests.WebSocketClient.onEvent(WebSocketClient.java:792) [JDA-4.1.1_146.jar:4.1.1_146]
	at net.dv8tion.jda.internal.requests.WebSocketClient.handleEvent(WebSocketClient.java:770) [JDA-4.1.1_146.jar:4.1.1_146]
	at net.dv8tion.jda.internal.requests.WebSocketClient.onBinaryMessage(WebSocketClient.java:943) [JDA-4.1.1_146.jar:4.1.1_146]
	at com.neovisionaries.ws.client.ListenerManager.callOnBinaryMessage(ListenerManager.java:385) [nv-websocket-client-2.9.jar:?]
	at com.neovisionaries.ws.client.ReadingThread.callOnBinaryMessage(ReadingThread.java:276) [nv-websocket-client-2.9.jar:?]
	at com.neovisionaries.ws.client.ReadingThread.handleBinaryFrame(ReadingThread.java:996) [nv-websocket-client-2.9.jar:?]
	at com.neovisionaries.ws.client.ReadingThread.handleFrame(ReadingThread.java:755) [nv-websocket-client-2.9.jar:?]
	at com.neovisionaries.ws.client.ReadingThread.main(ReadingThread.java:108) [nv-websocket-client-2.9.jar:?]
	at com.neovisionaries.ws.client.ReadingThread.runMain(ReadingThread.java:64) [nv-websocket-client-2.9.jar:?]
	at com.neovisionaries.ws.client.WebSocketThread.run(WebSocketThread.java:45) [nv-websocket-client-2.9.jar:?]
